1662495464665	geckodriver	INFO	Listening on 127.0.0.1:56614
1662495640628	geckodriver	INFO	Listening on 127.0.0.1:56632
1662495682145	geckodriver	INFO	Listening on 127.0.0.1:56644
1662556078540	geckodriver	INFO	Listening on 127.0.0.1:57346
1662556472584	geckodriver	INFO	Listening on 127.0.0.1:57420
1662556475664	mozrunner::runner	INFO	Running command: "C:\\Program Files\\Firefox Developer Edition\\firefox.exe" "--marionette" "--remote-debugging-port" "57421" "--remote-allow-hosts" "localhost" "-no-remote" "-profile" "C:\\Users\\anamc\\AppData\\Local\\Temp\\rust_mozprofiley2R0z1"
1662556580157	geckodriver	INFO	Listening on 127.0.0.1:57466
1662556583220	mozrunner::runner	INFO	Running command: "C:\\Program Files\\Firefox Developer Edition\\firefox.exe" "--marionette" "--remote-debugging-port" "57467" "--remote-allow-hosts" "localhost" "-no-remote" "-profile" "C:\\Users\\anamc\\AppData\\Local\\Temp\\rust_mozprofileGcEwcl"
1662556584040	Marionette	INFO	Marionette enabled
1662556584046	Marionette	INFO	Listening on port 57476
Read port: 57476
WebDriver BiDi listening on ws://127.0.0.1:57467
1662556584276	RemoteAgent	WARN	TLS certificate errors will be ignored for this session
console.warn: SearchSettings: "get: No settings file exists, new profile?" (new NotFoundError("Could not open the file at C:\\Users\\anamc\\AppData\\Local\\Temp\\rust_mozprofileGcEwcl\\search.json.mozlz4", (void 0)))
DevTools listening on ws://127.0.0.1:57467/devtools/browser/e3320369-567b-42b9-bc62-d8437237eb7d
JavaScript warning: https://pagead2.googlesyndication.com/bg/JI0Pcydj_YJwFyiv8pAtPmsHnnPx6gDBxLt0n0XpIm8.js line 2 > eval line 1544 > eval line 1 > eval line 1 > eval, line 1: WEBGL_debug_renderer_info is deprecated in Firefox and will be removed. Please use RENDERER.
JavaScript warning: https://pagead2.googlesyndication.com/bg/JI0Pcydj_YJwFyiv8pAtPmsHnnPx6gDBxLt0n0XpIm8.js line 2 > eval line 4561 > eval line 1 > eval line 1 > eval, line 1: WEBGL_debug_renderer_info is deprecated in Firefox and will be removed. Please use RENDERER.
JavaScript error: , line 0: TypeError: NetworkError when attempting to fetch resource.
console.error: (new TypeError("can't access property \"treeChildren\", parent is null", "resource://devtools/client/inspector/shared/style-change-tracker.js", 67))
TypeError: can't access property "treeChildren", parent is null: canMutationImpactCurrentStyles@resource://devtools/client/inspector/shared/style-change-tracker.js:67:24
onMutations@resource://devtools/client/inspector/shared/style-change-tracker.js:84:41
_emit@resource://devtools/shared/event-emitter.js:242:32
emit@resource://devtools/shared/event-emitter.js:186:18
emit@resource://devtools/shared/event-emitter.js:330:18
getMutations@resource://devtools/client/fronts/walker.js:312:10

console.error: (new TypeError("can't access property \"treeChildren\", parent is null", "resource://devtools/client/inspector/shared/style-change-tracker.js", 67))
TypeError: can't access property "treeChildren", parent is null: canMutationImpactCurrentStyles@resource://devtools/client/inspector/shared/style-change-tracker.js:67:24
onMutations@resource://devtools/client/inspector/shared/style-change-tracker.js:84:41
_emit@resource://devtools/shared/event-emitter.js:242:32
emit@resource://devtools/shared/event-emitter.js:186:18
emit@resource://devtools/shared/event-emitter.js:330:18
getMutations@resource://devtools/client/fronts/walker.js:312:10

console.warn: LoginRecipes: "Falling back to a synchronous message for: https://www.google.com."
JavaScript error: https://www.javatpoint.com/python-string-isnumeric-method, line 1408: TypeError: can't access property "addEventListener", redirectButton is null
JavaScript error: , line 0: uncaught exception: 7
JavaScript error: , line 0: uncaught exception: 7
JavaScript warning: https://pagead2.googlesyndication.com/bg/JI0Pcydj_YJwFyiv8pAtPmsHnnPx6gDBxLt0n0XpIm8.js line 2 > eval line 1225 > eval line 1 > eval line 1 > eval, line 1: WEBGL_debug_renderer_info is deprecated in Firefox and will be removed. Please use RENDERER.
JavaScript warning: https://pagead2.googlesyndication.com/bg/JI0Pcydj_YJwFyiv8pAtPmsHnnPx6gDBxLt0n0XpIm8.js line 2 > eval line 5803 > eval line 1 > eval line 1 > eval, line 1: WEBGL_debug_renderer_info is deprecated in Firefox and will be removed. Please use RENDERER.
JavaScript warning: https://pagead2.googlesyndication.com/bg/JI0Pcydj_YJwFyiv8pAtPmsHnnPx6gDBxLt0n0XpIm8.js line 2 > eval line 5894 > eval line 1 > eval line 1 > eval, line 1: WEBGL_debug_renderer_info is deprecated in Firefox and will be removed. Please use RENDERER.
JavaScript warning: https://pagead2.googlesyndication.com/bg/JI0Pcydj_YJwFyiv8pAtPmsHnnPx6gDBxLt0n0XpIm8.js line 2 > eval line 7302 > eval line 1 > eval line 1 > eval, line 1: WEBGL_debug_renderer_info is deprecated in Firefox and will be removed. Please use RENDERER.
JavaScript warning: https://pagead2.googlesyndication.com/bg/JI0Pcydj_YJwFyiv8pAtPmsHnnPx6gDBxLt0n0XpIm8.js line 2 > eval line 3744 > eval line 1 > eval line 1 > eval, line 1: WEBGL_debug_renderer_info is deprecated in Firefox and will be removed. Please use RENDERER.
JavaScript warning: https://pagead2.googlesyndication.com/bg/JI0Pcydj_YJwFyiv8pAtPmsHnnPx6gDBxLt0n0XpIm8.js line 2 > eval line 3032 > eval line 1 > eval line 1 > eval, line 1: WEBGL_debug_renderer_info is deprecated in Firefox and will be removed. Please use RENDERER.
JavaScript warning: https://pagead2.googlesyndication.com/bg/JI0Pcydj_YJwFyiv8pAtPmsHnnPx6gDBxLt0n0XpIm8.js line 2 > eval line 3373 > eval line 1 > eval line 1 > eval, line 1: WEBGL_debug_renderer_info is deprecated in Firefox and will be removed. Please use RENDERER.
JavaScript warning: https://pagead2.googlesyndication.com/bg/JI0Pcydj_YJwFyiv8pAtPmsHnnPx6gDBxLt0n0XpIm8.js line 2 > eval line 2284 > eval line 1 > eval line 1 > eval, line 1: WEBGL_debug_renderer_info is deprecated in Firefox and will be removed. Please use RENDERER.
JavaScript warning: https://pagead2.googlesyndication.com/bg/JI0Pcydj_YJwFyiv8pAtPmsHnnPx6gDBxLt0n0XpIm8.js line 2 > eval line 1673 > eval line 1 > eval line 1 > eval, line 1: WEBGL_debug_renderer_info is deprecated in Firefox and will be removed. Please use RENDERER.
JavaScript warning: https://pagead2.googlesyndication.com/bg/JI0Pcydj_YJwFyiv8pAtPmsHnnPx6gDBxLt0n0XpIm8.js line 2 > eval line 115 > eval line 1 > eval line 1 > eval, line 1: WEBGL_debug_renderer_info is deprecated in Firefox and will be removed. Please use RENDERER.
JavaScript warning: https://pagead2.googlesyndication.com/bg/JI0Pcydj_YJwFyiv8pAtPmsHnnPx6gDBxLt0n0XpIm8.js line 2 > eval line 800 > eval line 1 > eval line 1 > eval, line 1: WEBGL_debug_renderer_info is deprecated in Firefox and will be removed. Please use RENDERER.
JavaScript error: https://eus.rubiconproject.com/usync.js, line 4: SecurityError: Document.cookie getter: Forbidden in a sandboxed document without the 'allow-same-origin' flag.
JavaScript error: , line 0: TypeError: NetworkError when attempting to fetch resource.
JavaScript error: , line 0: TypeError: NetworkError when attempting to fetch resource.
JavaScript error: , line 0: TypeError: NetworkError when attempting to fetch resource.
JavaScript error: , line 0: TypeError: NetworkError when attempting to fetch resource.
JavaScript warning: https://pagead2.googlesyndication.com/bg/JI0Pcydj_YJwFyiv8pAtPmsHnnPx6gDBxLt0n0XpIm8.js line 2 > eval line 5663 > eval line 1 > eval line 1 > eval, line 1: WEBGL_debug_renderer_info is deprecated in Firefox and will be removed. Please use RENDERER.
JavaScript warning: https://pagead2.googlesyndication.com/bg/JI0Pcydj_YJwFyiv8pAtPmsHnnPx6gDBxLt0n0XpIm8.js line 2 > eval line 5811 > eval line 1 > eval line 1 > eval, line 1: WEBGL_debug_renderer_info is deprecated in Firefox and will be removed. Please use RENDERER.
JavaScript warning: https://pixel.yabidos.com/flimpobj.js?cb=1662558980086&ver1=2.2.3&qid=53232313f523332313f5333393&rnd=mzbkl62kgwn8&cid=933 line 1 > eval, line 175: WEBGL_debug_renderer_info is deprecated in Firefox and will be removed. Please use RENDERER.
JavaScript warning: https://pixel.yabidos.com/flimpobj.js?cb=1662558980779&ver1=2.2.3&qid=53232313f523332313f5333393&rnd=r7z4ea186996&cid=933 line 1 > eval, line 175: WEBGL_debug_renderer_info is deprecated in Firefox and will be removed. Please use RENDERER.
JavaScript warning: https://z.moatads.com/quantcastv2691176990399/moatad.js#moatClientLevel1=p-4T98ck4dZrJdS&moatClientLevel2=qfm&moatClientLevel3=743fd4e5-bff5-414b-8492-0adedaf84622&moatClientLevel4=92637265-8e0f-4584-af49-e0b458c19b61&uid=nzJ2Xs80c1fRZiJSy30mVMk2PwaZYXFKy2AiV8k1JlbOYSRTqOuEFg==, line 239: WEBGL_debug_renderer_info is deprecated in Firefox and will be removed. Please use RENDERER.
JavaScript warning: https://pagead2.googlesyndication.com/bg/JI0Pcydj_YJwFyiv8pAtPmsHnnPx6gDBxLt0n0XpIm8.js line 2 > eval line 1999 > eval line 1 > eval line 1 > eval, line 1: WEBGL_debug_renderer_info is deprecated in Firefox and will be removed. Please use RENDERER.
JavaScript warning: https://pagead2.googlesyndication.com/bg/JI0Pcydj_YJwFyiv8pAtPmsHnnPx6gDBxLt0n0XpIm8.js line 2 > eval line 2759 > eval line 1 > eval line 1 > eval, line 1: WEBGL_debug_renderer_info is deprecated in Firefox and will be removed. Please use RENDERER.
JavaScript error: , line 0: TypeError: NetworkError when attempting to fetch resource.
JavaScript error: , line 0: TypeError: NetworkError when attempting to fetch resource.
JavaScript warning: https://pagead2.googlesyndication.com/bg/JI0Pcydj_YJwFyiv8pAtPmsHnnPx6gDBxLt0n0XpIm8.js line 2 > eval line 6144 > eval line 1 > eval line 1 > eval, line 1: WEBGL_debug_renderer_info is deprecated in Firefox and will be removed. Please use RENDERER.
JavaScript warning: https://pagead2.googlesyndication.com/bg/JI0Pcydj_YJwFyiv8pAtPmsHnnPx6gDBxLt0n0XpIm8.js line 2 > eval line 4794 > eval line 1 > eval line 1 > eval, line 1: WEBGL_debug_renderer_info is deprecated in Firefox and will be removed. Please use RENDERER.
JavaScript warning: https://pagead2.googlesyndication.com/bg/JI0Pcydj_YJwFyiv8pAtPmsHnnPx6gDBxLt0n0XpIm8.js line 2 > eval line 3789 > eval line 1 > eval line 1 > eval, line 1: WEBGL_debug_renderer_info is deprecated in Firefox and will be removed. Please use RENDERER.
JavaScript error: about:srcdoc, line 1: ReferenceError: buildAttribution is not defined
JavaScript error: about:srcdoc, line 1: ReferenceError: googqscp is not defined
JavaScript error: , line 0: uncaught exception: undefined
JavaScript error: , line 0: uncaught exception: undefined
JavaScript warning: https://pagead2.googlesyndication.com/bg/JI0Pcydj_YJwFyiv8pAtPmsHnnPx6gDBxLt0n0XpIm8.js line 2 > eval line 4375 > eval line 1 > eval line 1 > eval, line 1: WEBGL_debug_renderer_info is deprecated in Firefox and will be removed. Please use RENDERER.
JavaScript warning: https://pagead2.googlesyndication.com/bg/JI0Pcydj_YJwFyiv8pAtPmsHnnPx6gDBxLt0n0XpIm8.js line 2 > eval line 6440 > eval line 1 > eval line 1 > eval, line 1: WEBGL_debug_renderer_info is deprecated in Firefox and will be removed. Please use RENDERER.
JavaScript warning: https://www.w3schools.com/python/ref_func_str.asp line 1 > injectedScript, line 1: WEBGL_debug_renderer_info is deprecated in Firefox and will be removed. Please use RENDERER.
JavaScript warning: https://pagead2.googlesyndication.com/bg/JI0Pcydj_YJwFyiv8pAtPmsHnnPx6gDBxLt0n0XpIm8.js line 2 > eval line 3650 > eval line 1 > eval line 1 > eval, line 1: WEBGL_debug_renderer_info is deprecated in Firefox and will be removed. Please use RENDERER.
JavaScript warning: https://pagead2.googlesyndication.com/bg/JI0Pcydj_YJwFyiv8pAtPmsHnnPx6gDBxLt0n0XpIm8.js line 2 > eval line 792 > eval line 1 > eval line 1 > eval, line 1: WEBGL_debug_renderer_info is deprecated in Firefox and will be removed. Please use RENDERER.
JavaScript warning: https://pagead2.googlesyndication.com/bg/JI0Pcydj_YJwFyiv8pAtPmsHnnPx6gDBxLt0n0XpIm8.js line 2 > eval line 3237 > eval line 1 > eval line 1 > eval, line 1: WEBGL_debug_renderer_info is deprecated in Firefox and will be removed. Please use RENDERER.
JavaScript warning: https://pagead2.googlesyndication.com/bg/JI0Pcydj_YJwFyiv8pAtPmsHnnPx6gDBxLt0n0XpIm8.js line 2 > eval line 3742 > eval line 1 > eval line 1 > eval, line 1: WEBGL_debug_renderer_info is deprecated in Firefox and will be removed. Please use RENDERER.
JavaScript warning: https://pagead2.googlesyndication.com/bg/JI0Pcydj_YJwFyiv8pAtPmsHnnPx6gDBxLt0n0XpIm8.js line 2 > eval line 348 > eval line 1 > eval line 1 > eval, line 1: WEBGL_debug_renderer_info is deprecated in Firefox and will be removed. Please use RENDERER.
JavaScript error: , line 0: uncaught exception: 7
JavaScript error: , line 0: uncaught exception: 7
JavaScript error: , line 0: TypeError: NetworkError when attempting to fetch resource.
JavaScript error: , line 0: TypeError: NetworkError when attempting to fetch resource.
JavaScript error: , line 0: uncaught exception: 7
JavaScript warning: https://pagead2.googlesyndication.com/bg/JI0Pcydj_YJwFyiv8pAtPmsHnnPx6gDBxLt0n0XpIm8.js line 2 > eval line 207 > eval line 1 > eval line 1 > eval, line 1: WEBGL_debug_renderer_info is deprecated in Firefox and will be removed. Please use RENDERER.
JavaScript warning: https://pagead2.googlesyndication.com/bg/JI0Pcydj_YJwFyiv8pAtPmsHnnPx6gDBxLt0n0XpIm8.js line 2 > eval line 5007 > eval line 1 > eval line 1 > eval, line 1: WEBGL_debug_renderer_info is deprecated in Firefox and will be removed. Please use RENDERER.
JavaScript error: , line 0: TypeError: NetworkError when attempting to fetch resource.
JavaScript error: , line 0: TypeError: NetworkError when attempting to fetch resource.
JavaScript warning: https://pagead2.googlesyndication.com/bg/JI0Pcydj_YJwFyiv8pAtPmsHnnPx6gDBxLt0n0XpIm8.js line 2 > eval line 262 > eval line 1 > eval line 1 > eval, line 1: WEBGL_debug_renderer_info is deprecated in Firefox and will be removed. Please use RENDERER.
JavaScript warning: https://pagead2.googlesyndication.com/bg/JI0Pcydj_YJwFyiv8pAtPmsHnnPx6gDBxLt0n0XpIm8.js line 2 > eval line 6528 > eval line 1 > eval line 1 > eval, line 1: WEBGL_debug_renderer_info is deprecated in Firefox and will be removed. Please use RENDERER.
JavaScript error: , line 0: TypeError: NetworkError when attempting to fetch resource.
JavaScript error: , line 0: TypeError: NetworkError when attempting to fetch resource.
JavaScript warning: https://pagead2.googlesyndication.com/bg/JI0Pcydj_YJwFyiv8pAtPmsHnnPx6gDBxLt0n0XpIm8.js line 2 > eval line 68 > eval line 1 > eval line 1 > eval, line 1: WEBGL_debug_renderer_info is deprecated in Firefox and will be removed. Please use RENDERER.
JavaScript warning: https://pagead2.googlesyndication.com/bg/JI0Pcydj_YJwFyiv8pAtPmsHnnPx6gDBxLt0n0XpIm8.js line 2 > eval line 546 > eval line 1 > eval line 1 > eval, line 1: WEBGL_debug_renderer_info is deprecated in Firefox and will be removed. Please use RENDERER.
JavaScript error: , line 0: TypeError: NetworkError when attempting to fetch resource.
JavaScript error: , line 0: TypeError: NetworkError when attempting to fetch resource.
JavaScript error: , line 0: TypeError: NetworkError when attempting to fetch resource.
JavaScript error: , line 0: TypeError: NetworkError when attempting to fetch resource.
JavaScript error: , line 0: TypeError: NetworkError when attempting to fetch resource.
JavaScript error: , line 0: TypeError: NetworkError when attempting to fetch resource.
JavaScript warning: https://www.w3schools.com/python/ref_func_str.asp line 1 > injectedScript, line 1: WEBGL_debug_renderer_info is deprecated in Firefox and will be removed. Please use RENDERER.
JavaScript error: , line 0: uncaught exception: 7
JavaScript warning: https://pagead2.googlesyndication.com/bg/JI0Pcydj_YJwFyiv8pAtPmsHnnPx6gDBxLt0n0XpIm8.js line 2 > eval line 5741 > eval line 1 > eval line 1 > eval, line 1: WEBGL_debug_renderer_info is deprecated in Firefox and will be removed. Please use RENDERER.
JavaScript warning: https://pagead2.googlesyndication.com/bg/JI0Pcydj_YJwFyiv8pAtPmsHnnPx6gDBxLt0n0XpIm8.js line 2 > eval line 6902 > eval line 1 > eval line 1 > eval, line 1: WEBGL_debug_renderer_info is deprecated in Firefox and will be removed. Please use RENDERER.
JavaScript error: , line 0: TypeError: NetworkError when attempting to fetch resource.
JavaScript error: , line 0: TypeError: NetworkError when attempting to fetch resource.
JavaScript warning: https://www.w3schools.com/python/ref_func_str.asp line 1 > injectedScript, line 1: WEBGL_debug_renderer_info is deprecated in Firefox and will be removed. Please use RENDERER.
JavaScript warning: https://pagead2.googlesyndication.com/bg/JI0Pcydj_YJwFyiv8pAtPmsHnnPx6gDBxLt0n0XpIm8.js line 2 > eval line 984 > eval line 1 > eval line 1 > eval, line 1: WEBGL_debug_renderer_info is deprecated in Firefox and will be removed. Please use RENDERER.
JavaScript warning: https://pagead2.googlesyndication.com/bg/JI0Pcydj_YJwFyiv8pAtPmsHnnPx6gDBxLt0n0XpIm8.js line 2 > eval line 6602 > eval line 1 > eval line 1 > eval, line 1: WEBGL_debug_renderer_info is deprecated in Firefox and will be removed. Please use RENDERER.
JavaScript error: , line 0: TypeError: NetworkError when attempting to fetch resource.
JavaScript error: , line 0: TypeError: NetworkError when attempting to fetch resource.
JavaScript error: , line 0: TypeError: NetworkError when attempting to fetch resource.
JavaScript warning: https://www.w3schools.com/python/ref_func_str.asp line 1 > injectedScript, line 1: WEBGL_debug_renderer_info is deprecated in Firefox and will be removed. Please use RENDERER.
JavaScript warning: https://pagead2.googlesyndication.com/bg/JI0Pcydj_YJwFyiv8pAtPmsHnnPx6gDBxLt0n0XpIm8.js line 2 > eval line 3040 > eval line 1 > eval line 1 > eval, line 1: WEBGL_debug_renderer_info is deprecated in Firefox and will be removed. Please use RENDERER.
console.warn: LoginRecipes: "Falling back to a synchronous message for: https://www.google.com."
JavaScript warning: https://pagead2.googlesyndication.com/bg/JI0Pcydj_YJwFyiv8pAtPmsHnnPx6gDBxLt0n0XpIm8.js line 2 > eval line 1513 > eval line 1 > eval line 1 > eval, line 1: WEBGL_debug_renderer_info is deprecated in Firefox and will be removed. Please use RENDERER.
console.warn: LoginRecipes: "Falling back to a synchronous message for: https://www.google.com."
JavaScript error: /_/mss/boq-content-ads-contributor/_/js/k=boq-content-ads-contributor.ContributorServingResponseClientJs.en_US.mlXQG7eeWI4.es5.O/d=1/rs=AJlcJMyKcUlSgDycGkULtV5wljGP0G8TDw/m=kernel_loader,loader_js_executable, line 387: SyntaxError: An invalid or illegal string was specified
JavaScript error: /_/mss/boq-content-ads-contributor/_/js/k=boq-content-ads-contributor.ContributorServingResponseClientJs.en_US.mlXQG7eeWI4.es5.O/d=1/rs=AJlcJMyKcUlSgDycGkULtV5wljGP0G8TDw/m=kernel_loader,loader_js_executable, line 387: SyntaxError: An invalid or illegal string was specified
JavaScript error: https://eus.rubiconproject.com/usync.js, line 4: SecurityError: Document.cookie getter: Forbidden in a sandboxed document without the 'allow-same-origin' flag.
JavaScript warning: https://www.geeksforgeeks.org/find-the-text-of-the-given-tag-using-beautifulsoup/ line 1 > injectedScript, line 1: WEBGL_debug_renderer_info is deprecated in Firefox and will be removed. Please use RENDERER.
JavaScript warning: https://pagead2.googlesyndication.com/bg/JI0Pcydj_YJwFyiv8pAtPmsHnnPx6gDBxLt0n0XpIm8.js line 2 > eval line 1398 > eval line 1 > eval line 1 > eval, line 1: WEBGL_debug_renderer_info is deprecated in Firefox and will be removed. Please use RENDERER.
JavaScript warning: https://pagead2.googlesyndication.com/bg/JI0Pcydj_YJwFyiv8pAtPmsHnnPx6gDBxLt0n0XpIm8.js line 2 > eval line 2044 > eval line 1 > eval line 1 > eval, line 1: WEBGL_debug_renderer_info is deprecated in Firefox and will be removed. Please use RENDERER.
JavaScript warning: https://pagead2.googlesyndication.com/bg/JI0Pcydj_YJwFyiv8pAtPmsHnnPx6gDBxLt0n0XpIm8.js line 2 > eval line 6822 > eval line 1 > eval line 1 > eval, line 1: WEBGL_debug_renderer_info is deprecated in Firefox and will be removed. Please use RENDERER.
JavaScript warning: https://pagead2.googlesyndication.com/bg/JI0Pcydj_YJwFyiv8pAtPmsHnnPx6gDBxLt0n0XpIm8.js line 2 > eval line 5858 > eval line 1 > eval line 1 > eval, line 1: WEBGL_debug_renderer_info is deprecated in Firefox and will be removed. Please use RENDERER.
JavaScript warning: https://pagead2.googlesyndication.com/bg/JI0Pcydj_YJwFyiv8pAtPmsHnnPx6gDBxLt0n0XpIm8.js line 2 > eval line 1735 > eval line 1 > eval line 1 > eval, line 1: WEBGL_debug_renderer_info is deprecated in Firefox and will be removed. Please use RENDERER.
JavaScript warning: https://pagead2.googlesyndication.com/bg/JI0Pcydj_YJwFyiv8pAtPmsHnnPx6gDBxLt0n0XpIm8.js line 2 > eval line 6094 > eval line 1 > eval line 1 > eval, line 1: WEBGL_debug_renderer_info is deprecated in Firefox and will be removed. Please use RENDERER.
JavaScript warning: https://pagead2.googlesyndication.com/bg/JI0Pcydj_YJwFyiv8pAtPmsHnnPx6gDBxLt0n0XpIm8.js line 2 > eval line 3254 > eval line 1 > eval line 1 > eval, line 1: WEBGL_debug_renderer_info is deprecated in Firefox and will be removed. Please use RENDERER.
JavaScript error: , line 0: uncaught exception: 7
JavaScript error: , line 0: uncaught exception: 7
JavaScript error: https://s0.2mdn.net/sadbundle/15901709816373744824/index.html?e=69&leftOffset=0&topOffset=0&c=gFfG9rrODl&t=1&renderingType=2&ev=01_247 line 133 > eval, line 83: ReferenceError: countDownDate is not defined
JavaScript error: https://s0.2mdn.net/sadbundle/17382342856710491299/index.html?e=69&leftOffset=0&topOffset=0&c=EsXSxKHhe4&t=1&renderingType=2&ev=01_247 line 133 > eval, line 84: ReferenceError: countDownDate is not defined
JavaScript error: https://s0.2mdn.net/sadbundle/15901709816373744824/index.html?e=69&leftOffset=0&topOffset=0&c=gFfG9rrODl&t=1&renderingType=2&ev=01_247 line 133 > eval, line 83: ReferenceError: countDownDate is not defined
JavaScript error: https://s0.2mdn.net/sadbundle/17382342856710491299/index.html?e=69&leftOffset=0&topOffset=0&c=EsXSxKHhe4&t=1&renderingType=2&ev=01_247 line 133 > eval, line 84: ReferenceError: countDownDate is not defined
JavaScript error: https://s0.2mdn.net/sadbundle/15901709816373744824/index.html?e=69&leftOffset=0&topOffset=0&c=gFfG9rrODl&t=1&renderingType=2&ev=01_247 line 133 > eval, line 83: ReferenceError: countDownDate is not defined
JavaScript error: https://s0.2mdn.net/sadbundle/17382342856710491299/index.html?e=69&leftOffset=0&topOffset=0&c=EsXSxKHhe4&t=1&renderingType=2&ev=01_247 line 133 > eval, line 84: ReferenceError: countDownDate is not defined
JavaScript error: https://s0.2mdn.net/sadbundle/15901709816373744824/index.html?e=69&leftOffset=0&topOffset=0&c=gFfG9rrODl&t=1&renderingType=2&ev=01_247 line 133 > eval, line 83: ReferenceError: countDownDate is not defined
JavaScript error: https://s0.2mdn.net/sadbundle/17382342856710491299/index.html?e=69&leftOffset=0&topOffset=0&c=EsXSxKHhe4&t=1&renderingType=2&ev=01_247 line 133 > eval, line 84: ReferenceError: countDownDate is not defined
JavaScript error: https://s0.2mdn.net/sadbundle/15901709816373744824/index.html?e=69&leftOffset=0&topOffset=0&c=gFfG9rrODl&t=1&renderingType=2&ev=01_247 line 133 > eval, line 83: ReferenceError: countDownDate is not defined
JavaScript error: https://s0.2mdn.net/sadbundle/17382342856710491299/index.html?e=69&leftOffset=0&topOffset=0&c=EsXSxKHhe4&t=1&renderingType=2&ev=01_247 line 133 > eval, line 84: ReferenceError: countDownDate is not defined
JavaScript error: https://s0.2mdn.net/sadbundle/15901709816373744824/index.html?e=69&leftOffset=0&topOffset=0&c=gFfG9rrODl&t=1&renderingType=2&ev=01_247 line 133 > eval, line 83: ReferenceError: countDownDate is not defined
JavaScript error: https://s0.2mdn.net/sadbundle/17382342856710491299/index.html?e=69&leftOffset=0&topOffset=0&c=EsXSxKHhe4&t=1&renderingType=2&ev=01_247 line 133 > eval, line 84: ReferenceError: countDownDate is not defined
JavaScript error: https://s0.2mdn.net/sadbundle/15901709816373744824/index.html?e=69&leftOffset=0&topOffset=0&c=gFfG9rrODl&t=1&renderingType=2&ev=01_247 line 133 > eval, line 83: ReferenceError: countDownDate is not defined
JavaScript error: https://s0.2mdn.net/sadbundle/17382342856710491299/index.html?e=69&leftOffset=0&topOffset=0&c=EsXSxKHhe4&t=1&renderingType=2&ev=01_247 line 133 > eval, line 84: ReferenceError: countDownDate is not defined
JavaScript error: https://s0.2mdn.net/sadbundle/15901709816373744824/index.html?e=69&leftOffset=0&topOffset=0&c=gFfG9rrODl&t=1&renderingType=2&ev=01_247 line 133 > eval, line 83: ReferenceError: countDownDate is not defined
JavaScript error: https://s0.2mdn.net/sadbundle/17382342856710491299/index.html?e=69&leftOffset=0&topOffset=0&c=EsXSxKHhe4&t=1&renderingType=2&ev=01_247 line 133 > eval, line 84: ReferenceError: countDownDate is not defined
JavaScript error: https://s0.2mdn.net/sadbundle/15901709816373744824/index.html?e=69&leftOffset=0&topOffset=0&c=gFfG9rrODl&t=1&renderingType=2&ev=01_247 line 133 > eval, line 83: ReferenceError: countDownDate is not defined
JavaScript error: https://s0.2mdn.net/sadbundle/17382342856710491299/index.html?e=69&leftOffset=0&topOffset=0&c=EsXSxKHhe4&t=1&renderingType=2&ev=01_247 line 133 > eval, line 84: ReferenceError: countDownDate is not defined
JavaScript error: https://s0.2mdn.net/sadbundle/15901709816373744824/index.html?e=69&leftOffset=0&topOffset=0&c=gFfG9rrODl&t=1&renderingType=2&ev=01_247 line 133 > eval, line 83: ReferenceError: countDownDate is not defined
JavaScript error: https://s0.2mdn.net/sadbundle/17382342856710491299/index.html?e=69&leftOffset=0&topOffset=0&c=EsXSxKHhe4&t=1&renderingType=2&ev=01_247 line 133 > eval, line 84: ReferenceError: countDownDate is not defined
JavaScript error: https://s0.2mdn.net/sadbundle/15901709816373744824/index.html?e=69&leftOffset=0&topOffset=0&c=gFfG9rrODl&t=1&renderingType=2&ev=01_247 line 133 > eval, line 83: ReferenceError: countDownDate is not defined
JavaScript error: https://s0.2mdn.net/sadbundle/17382342856710491299/index.html?e=69&leftOffset=0&topOffset=0&c=EsXSxKHhe4&t=1&renderingType=2&ev=01_247 line 133 > eval, line 84: ReferenceError: countDownDate is not defined
JavaScript error: https://s0.2mdn.net/sadbundle/15901709816373744824/index.html?e=69&leftOffset=0&topOffset=0&c=gFfG9rrODl&t=1&renderingType=2&ev=01_247 line 133 > eval, line 83: ReferenceError: countDownDate is not defined
JavaScript error: https://s0.2mdn.net/sadbundle/17382342856710491299/index.html?e=69&leftOffset=0&topOffset=0&c=EsXSxKHhe4&t=1&renderingType=2&ev=01_247 line 133 > eval, line 84: ReferenceError: countDownDate is not defined
JavaScript error: https://s0.2mdn.net/sadbundle/15901709816373744824/index.html?e=69&leftOffset=0&topOffset=0&c=gFfG9rrODl&t=1&renderingType=2&ev=01_247 line 133 > eval, line 83: ReferenceError: countDownDate is not defined
JavaScript error: https://s0.2mdn.net/sadbundle/17382342856710491299/index.html?e=69&leftOffset=0&topOffset=0&c=EsXSxKHhe4&t=1&renderingType=2&ev=01_247 line 133 > eval, line 84: ReferenceError: countDownDate is not defined
JavaScript error: https://s0.2mdn.net/sadbundle/15901709816373744824/index.html?e=69&leftOffset=0&topOffset=0&c=gFfG9rrODl&t=1&renderingType=2&ev=01_247 line 133 > eval, line 83: ReferenceError: countDownDate is not defined
JavaScript error: https://s0.2mdn.net/sadbundle/17382342856710491299/index.html?e=69&leftOffset=0&topOffset=0&c=EsXSxKHhe4&t=1&renderingType=2&ev=01_247 line 133 > eval, line 84: ReferenceError: countDownDate is not defined
JavaScript error: https://s0.2mdn.net/sadbundle/15901709816373744824/index.html?e=69&leftOffset=0&topOffset=0&c=gFfG9rrODl&t=1&renderingType=2&ev=01_247 line 133 > eval, line 83: ReferenceError: countDownDate is not defined
JavaScript error: https://s0.2mdn.net/sadbundle/17382342856710491299/index.html?e=69&leftOffset=0&topOffset=0&c=EsXSxKHhe4&t=1&renderingType=2&ev=01_247 line 133 > eval, line 84: ReferenceError: countDownDate is not defined
JavaScript error: https://s0.2mdn.net/sadbundle/15901709816373744824/index.html?e=69&leftOffset=0&topOffset=0&c=gFfG9rrODl&t=1&renderingType=2&ev=01_247 line 133 > eval, line 83: ReferenceError: countDownDate is not defined
JavaScript error: https://s0.2mdn.net/sadbundle/17382342856710491299/index.html?e=69&leftOffset=0&topOffset=0&c=EsXSxKHhe4&t=1&renderingType=2&ev=01_247 line 133 > eval, line 84: ReferenceError: countDownDate is not defined
JavaScript error: https://s0.2mdn.net/sadbundle/15901709816373744824/index.html?e=69&leftOffset=0&topOffset=0&c=gFfG9rrODl&t=1&renderingType=2&ev=01_247 line 133 > eval, line 83: ReferenceError: countDownDate is not defined
JavaScript error: https://s0.2mdn.net/sadbundle/17382342856710491299/index.html?e=69&leftOffset=0&topOffset=0&c=EsXSxKHhe4&t=1&renderingType=2&ev=01_247 line 133 > eval, line 84: ReferenceError: countDownDate is not defined
JavaScript error: https://s0.2mdn.net/sadbundle/15901709816373744824/index.html?e=69&leftOffset=0&topOffset=0&c=gFfG9rrODl&t=1&renderingType=2&ev=01_247 line 133 > eval, line 83: ReferenceError: countDownDate is not defined
JavaScript error: https://s0.2mdn.net/sadbundle/17382342856710491299/index.html?e=69&leftOffset=0&topOffset=0&c=EsXSxKHhe4&t=1&renderingType=2&ev=01_247 line 133 > eval, line 84: ReferenceError: countDownDate is not defined
JavaScript error: https://s0.2mdn.net/sadbundle/15901709816373744824/index.html?e=69&leftOffset=0&topOffset=0&c=gFfG9rrODl&t=1&renderingType=2&ev=01_247 line 133 > eval, line 83: ReferenceError: countDownDate is not defined
JavaScript error: https://s0.2mdn.net/sadbundle/17382342856710491299/index.html?e=69&leftOffset=0&topOffset=0&c=EsXSxKHhe4&t=1&renderingType=2&ev=01_247 line 133 > eval, line 84: ReferenceError: countDownDate is not defined
JavaScript error: https://s0.2mdn.net/sadbundle/15901709816373744824/index.html?e=69&leftOffset=0&topOffset=0&c=gFfG9rrODl&t=1&renderingType=2&ev=01_247 line 133 > eval, line 83: ReferenceError: countDownDate is not defined
JavaScript error: https://s0.2mdn.net/sadbundle/17382342856710491299/index.html?e=69&leftOffset=0&topOffset=0&c=EsXSxKHhe4&t=1&renderingType=2&ev=01_247 line 133 > eval, line 84: ReferenceError: countDownDate is not defined
JavaScript error: https://s0.2mdn.net/sadbundle/15901709816373744824/index.html?e=69&leftOffset=0&topOffset=0&c=gFfG9rrODl&t=1&renderingType=2&ev=01_247 line 133 > eval, line 83: ReferenceError: countDownDate is not defined
JavaScript error: https://s0.2mdn.net/sadbundle/17382342856710491299/index.html?e=69&leftOffset=0&topOffset=0&c=EsXSxKHhe4&t=1&renderingType=2&ev=01_247 line 133 > eval, line 84: ReferenceError: countDownDate is not defined
JavaScript error: https://cdnjs.cloudflare.com/ajax/libs/require.js/2.1.14/require.min.js, line 8: Error: Script error for: jquery
http://requirejs.org/docs/errors.html#scripterror
JavaScript error: https://s0.2mdn.net/sadbundle/15901709816373744824/index.html?e=69&leftOffset=0&topOffset=0&c=gFfG9rrODl&t=1&renderingType=2&ev=01_247 line 133 > eval, line 83: ReferenceError: countDownDate is not defined
JavaScript error: https://s0.2mdn.net/sadbundle/17382342856710491299/index.html?e=69&leftOffset=0&topOffset=0&c=EsXSxKHhe4&t=1&renderingType=2&ev=01_247 line 133 > eval, line 84: ReferenceError: countDownDate is not defined
JavaScript error: https://s0.2mdn.net/sadbundle/15901709816373744824/index.html?e=69&leftOffset=0&topOffset=0&c=gFfG9rrODl&t=1&renderingType=2&ev=01_247 line 133 > eval, line 83: ReferenceError: countDownDate is not defined
JavaScript error: https://s0.2mdn.net/sadbundle/17382342856710491299/index.html?e=69&leftOffset=0&topOffset=0&c=EsXSxKHhe4&t=1&renderingType=2&ev=01_247 line 133 > eval, line 84: ReferenceError: countDownDate is not defined
JavaScript error: https://s0.2mdn.net/sadbundle/15901709816373744824/index.html?e=69&leftOffset=0&topOffset=0&c=gFfG9rrODl&t=1&renderingType=2&ev=01_247 line 133 > eval, line 83: ReferenceError: countDownDate is not defined
JavaScript error: https://s0.2mdn.net/sadbundle/17382342856710491299/index.html?e=69&leftOffset=0&topOffset=0&c=EsXSxKHhe4&t=1&renderingType=2&ev=01_247 line 133 > eval, line 84: ReferenceError: countDownDate is not defined
JavaScript error: https://s0.2mdn.net/sadbundle/15901709816373744824/index.html?e=69&leftOffset=0&topOffset=0&c=gFfG9rrODl&t=1&renderingType=2&ev=01_247 line 133 > eval, line 83: ReferenceError: countDownDate is not defined
JavaScript error: https://s0.2mdn.net/sadbundle/17382342856710491299/index.html?e=69&leftOffset=0&topOffset=0&c=EsXSxKHhe4&t=1&renderingType=2&ev=01_247 line 133 > eval, line 84: ReferenceError: countDownDate is not defined
JavaScript error: https://s0.2mdn.net/sadbundle/15901709816373744824/index.html?e=69&leftOffset=0&topOffset=0&c=gFfG9rrODl&t=1&renderingType=2&ev=01_247 line 133 > eval, line 83: ReferenceError: countDownDate is not defined
JavaScript error: https://s0.2mdn.net/sadbundle/17382342856710491299/index.html?e=69&leftOffset=0&topOffset=0&c=EsXSxKHhe4&t=1&renderingType=2&ev=01_247 line 133 > eval, line 84: ReferenceError: countDownDate is not defined
JavaScript error: https://s0.2mdn.net/sadbundle/15901709816373744824/index.html?e=69&leftOffset=0&topOffset=0&c=gFfG9rrODl&t=1&renderingType=2&ev=01_247 line 133 > eval, line 83: ReferenceError: countDownDate is not defined
JavaScript error: https://s0.2mdn.net/sadbundle/17382342856710491299/index.html?e=69&leftOffset=0&topOffset=0&c=EsXSxKHhe4&t=1&renderingType=2&ev=01_247 line 133 > eval, line 84: ReferenceError: countDownDate is not defined
JavaScript error: https://s0.2mdn.net/sadbundle/15901709816373744824/index.html?e=69&leftOffset=0&topOffset=0&c=gFfG9rrODl&t=1&renderingType=2&ev=01_247 line 133 > eval, line 83: ReferenceError: countDownDate is not defined
JavaScript error: https://s0.2mdn.net/sadbundle/17382342856710491299/index.html?e=69&leftOffset=0&topOffset=0&c=EsXSxKHhe4&t=1&renderingType=2&ev=01_247 line 133 > eval, line 84: ReferenceError: countDownDate is not defined
JavaScript error: https://s0.2mdn.net/sadbundle/15901709816373744824/index.html?e=69&leftOffset=0&topOffset=0&c=gFfG9rrODl&t=1&renderingType=2&ev=01_247 line 133 > eval, line 83: ReferenceError: countDownDate is not defined
JavaScript error: https://s0.2mdn.net/sadbundle/17382342856710491299/index.html?e=69&leftOffset=0&topOffset=0&c=EsXSxKHhe4&t=1&renderingType=2&ev=01_247 line 133 > eval, line 84: ReferenceError: countDownDate is not defined
JavaScript error: https://s0.2mdn.net/sadbundle/15901709816373744824/index.html?e=69&leftOffset=0&topOffset=0&c=gFfG9rrODl&t=1&renderingType=2&ev=01_247 line 133 > eval, line 83: ReferenceError: countDownDate is not defined
JavaScript error: https://s0.2mdn.net/sadbundle/17382342856710491299/index.html?e=69&leftOffset=0&topOffset=0&c=EsXSxKHhe4&t=1&renderingType=2&ev=01_247 line 133 > eval, line 84: ReferenceError: countDownDate is not defined
JavaScript warning: https://pagead2.googlesyndication.com/bg/JI0Pcydj_YJwFyiv8pAtPmsHnnPx6gDBxLt0n0XpIm8.js line 2 > eval line 2162 > eval line 1 > eval line 1 > eval, line 1: WEBGL_debug_renderer_info is deprecated in Firefox and will be removed. Please use RENDERER.
JavaScript error: , line 0: TypeError: NetworkError when attempting to fetch resource.
JavaScript error: , line 0: TypeError: NetworkError when attempting to fetch resource.
JavaScript error: , line 0: TypeError: NetworkError when attempting to fetch resource.
JavaScript error: , line 0: TypeError: NetworkError when attempting to fetch resource.
JavaScript error: , line 0: TypeError: NetworkError when attempting to fetch resource.
JavaScript error: , line 0: TypeError: NetworkError when attempting to fetch resource.
JavaScript error: , line 0: TypeError: NetworkError when attempting to fetch resource.
JavaScript error: , line 0: TypeError: NetworkError when attempting to fetch resource.
JavaScript error: , line 0: uncaught exception: Timeout
JavaScript error: , line 0: uncaught exception: Timeout
JavaScript error: , line 0: uncaught exception: Timeout
1662705100476	addons.xpi	ERROR	System addon update list error Error: Failed downloading XML, status: 0, reason: error
1662973943711	addons.xpi	ERROR	System addon update list error Error: Failed downloading XML, status: 0, reason: error
JavaScript error: , line 0: NS_ERROR_NOT_AVAILABLE
console.warn: "Listener for event 'frame' did not return a promise."
JavaScript warning: https://z.moatads.com/quantcastv2691176990399/moatad.js#moatClientLevel1=p-r_xxxu7kaSnmT&moatClientLevel2=qfm&moatClientLevel3=1b449e4e-10d4-4f37-b002-2e876ce91b2b&moatClientLevel4=19462a94-4fe0-472f-be93-cdaf67b026a4&uid=-bIDmOabK6nQmyup9YMvuJitG9zIrbHLUyI=, line 239: WEBGL_debug_renderer_info is deprecated in Firefox and will be removed. Please use RENDERER.
console.warn: "Listener for event 'frame' did not return a promise."
console.warn: "Listener for event 'frame' did not return a promise."
console.warn: "Listener for event 'frame' did not return a promise."
JavaScript warning: https://pagead2.googlesyndication.com/bg/CgETvhyXIYksjpVuZOiCWYZFr3TNicAtz6hsjYVMHCQ.js line 2 > eval line 25 > eval line 1 > eval line 1 > eval, line 1: WEBGL_debug_renderer_info is deprecated in Firefox and will be removed. Please use RENDERER.
console.warn: "Listener for event 'frame' did not return a promise."
JavaScript warning: https://pagead2.googlesyndication.com/bg/CgETvhyXIYksjpVuZOiCWYZFr3TNicAtz6hsjYVMHCQ.js line 2 > eval line 6633 > eval line 1 > eval line 1 > eval, line 1: WEBGL_debug_renderer_info is deprecated in Firefox and will be removed. Please use RENDERER.
JavaScript warning: https://pagead2.googlesyndication.com/bg/CgETvhyXIYksjpVuZOiCWYZFr3TNicAtz6hsjYVMHCQ.js line 2 > eval line 139 > eval line 1 > eval line 1 > eval, line 1: WEBGL_debug_renderer_info is deprecated in Firefox and will be removed. Please use RENDERER.
JavaScript error: , line 0: TypeError: NetworkError when attempting to fetch resource.
JavaScript error: , line 0: TypeError: NetworkError when attempting to fetch resource.
JavaScript error: , line 0: TypeError: NetworkError when attempting to fetch resource.
JavaScript error: , line 0: TypeError: NetworkError when attempting to fetch resource.
console.warn: LoginRecipes: "Falling back to a synchronous message for: https://www.google.com."
console.warn: LoginRecipes: "Falling back to a synchronous message for: https://www.google.com."
console.warn: LoginRecipes: "Falling back to a synchronous message for: https://www.google.com."
JavaScript warning: https://pagead2.googlesyndication.com/bg/CgETvhyXIYksjpVuZOiCWYZFr3TNicAtz6hsjYVMHCQ.js line 2 > eval line 3518 > eval line 1 > eval line 1 > eval, line 1: WEBGL_debug_renderer_info is deprecated in Firefox and will be removed. Please use RENDERER.
JavaScript error: , line 0: TypeError: NetworkError when attempting to fetch resource.
JavaScript error: , line 0: TypeError: NetworkError when attempting to fetch resource.
Handler function _httpStopRequest threw an exception: TypeError: can't access property "documentPrincipal", browsingContext.currentWindowGlobal is null
Stack: isChannelFromSystemPrincipal@resource://devtools/server/actors/network-monitor/utils/network-utils.js:99:1
exports.createNetworkEvent@resource://devtools/server/actors/network-monitor/utils/network-utils.js:188:33
_createNetworkEvent@resource://devtools/server/actors/network-monitor/network-observer.js:733:32
_httpStopRequest@resource://devtools/server/actors/network-monitor/network-observer.js:367:14
exports.makeInfallible/<@resource://devtools/shared/ThreadSafeDevToolsUtils.js:103:22
Line: 99, column: 1
console.error: (new TypeError("can't access property \"documentPrincipal\", browsingContext.currentWindowGlobal is null", "resource://devtools/server/actors/network-monitor/utils/network-utils.js", 99))
JavaScript error: , line 0: TypeError: NetworkError when attempting to fetch resource.
JavaScript error: , line 0: TypeError: NetworkError when attempting to fetch resource.
JavaScript error: , line 0: TypeError: NetworkError when attempting to fetch resource.
console.error: (new TypeError("can't access property \"treeChildren\", parent is null", "resource://devtools/client/inspector/shared/style-change-tracker.js", 67))
TypeError: can't access property "treeChildren", parent is null: canMutationImpactCurrentStyles@resource://devtools/client/inspector/shared/style-change-tracker.js:67:24
onMutations@resource://devtools/client/inspector/shared/style-change-tracker.js:84:41
_emit@resource://devtools/shared/event-emitter.js:242:32
emit@resource://devtools/shared/event-emitter.js:186:18
emit@resource://devtools/shared/event-emitter.js:330:18
getMutations@resource://devtools/client/fronts/walker.js:312:10

console.error: "Error while calling actor 'pagestyle's method 'getLayout'" "can't access property \"rawNode\", node is null"
console.error: (new TypeError("can't access property \"rawNode\", node is null", "resource://devtools/server/actors/page-style.js", 1004))
console.error: (new Error("Protocol error (TypeError): can't access property \"rawNode\", node is null from: server0.conn0.windowGlobal4294967298/pagestyle23 (resource://devtools/server/actors/page-style.js:1004:5)", "resource://devtools/shared/protocol/Front.js", 384))
JavaScript error: , line 0: TypeError: NetworkError when attempting to fetch resource.
JavaScript error: , line 0: TypeError: NetworkError when attempting to fetch resource.
JavaScript error: , line 0: TypeError: NetworkError when attempting to fetch resource.
JavaScript error: , line 0: TypeError: NetworkError when attempting to fetch resource.
console.warn: LoginRecipes: "Falling back to a synchronous message for: https://www.google.com."
console.warn: LoginRecipes: "Falling back to a synchronous message for: https://www.google.com."
console.warn: LoginRecipes: "Falling back to a synchronous message for: https://www.google.com."
console.warn: LoginRecipes: "Falling back to a synchronous message for: https://www.google.com."
console.warn: LoginRecipes: "Falling back to a synchronous message for: https://www.google.com."
console.warn: LoginRecipes: "Falling back to a synchronous message for: https://www.google.com."
console.warn: LoginRecipes: "Falling back to a synchronous message for: https://www.google.com."
JavaScript warning: https://pagead2.googlesyndication.com/bg/CgETvhyXIYksjpVuZOiCWYZFr3TNicAtz6hsjYVMHCQ.js line 2 > eval line 7446 > eval line 1 > eval line 1 > eval, line 1: WEBGL_debug_renderer_info is deprecated in Firefox and will be removed. Please use RENDERER.
JavaScript error: , line 0: TypeError: NetworkError when attempting to fetch resource.
JavaScript warning: https://cdn.js7k.com/rq/iv/inside.js, line 1: WEBGL_debug_renderer_info is deprecated in Firefox and will be removed. Please use RENDERER.
JavaScript error: , line 0: TypeError: NetworkError when attempting to fetch resource.
JavaScript error: , line 0: NotFoundError: No such JSWindowActor 'DevToolsFrame'
JavaScript error: , line 0: NotFoundError: No such JSWindowActor 'DevToolsFrame'
JavaScript error: , line 0: NotFoundError: No such JSWindowActor 'DevToolsFrame'
JavaScript error: , line 0: NotFoundError: No such JSWindowActor 'DevToolsFrame'
JavaScript error: , line 0: NotFoundError: No such JSWindowActor 'DevToolsFrame'
JavaScript warning: https://pagead2.googlesyndication.com/bg/CgETvhyXIYksjpVuZOiCWYZFr3TNicAtz6hsjYVMHCQ.js line 2 > eval line 2657 > eval line 1 > eval line 1 > eval, line 1: WEBGL_debug_renderer_info is deprecated in Firefox and will be removed. Please use RENDERER.
JavaScript error: , line 0: TypeError: NetworkError when attempting to fetch resource.
JavaScript warning: https://pagead2.googlesyndication.com/bg/CgETvhyXIYksjpVuZOiCWYZFr3TNicAtz6hsjYVMHCQ.js line 2 > eval line 4476 > eval line 1 > eval line 1 > eval, line 1: WEBGL_debug_renderer_info is deprecated in Firefox and will be removed. Please use RENDERER.
JavaScript error: , line 0: TypeError: NetworkError when attempting to fetch resource.
JavaScript error: , line 0: TypeError: NetworkError when attempting to fetch resource.
JavaScript warning: https://pagead2.googlesyndication.com/bg/CgETvhyXIYksjpVuZOiCWYZFr3TNicAtz6hsjYVMHCQ.js line 2 > eval line 5583 > eval line 1 > eval line 1 > eval, line 1: WEBGL_debug_renderer_info is deprecated in Firefox and will be removed. Please use RENDERER.
JavaScript warning: https://cdn.js7k.com/rq/iv/inside.js, line 1: WEBGL_debug_renderer_info is deprecated in Firefox and will be removed. Please use RENDERER.
JavaScript error: , line 0: TypeError: NetworkError when attempting to fetch resource.
JavaScript error: , line 0: TypeError: NetworkError when attempting to fetch resource.
JavaScript error: https://www.geeksforgeeks.org/wp-content/themes/iconic-one/js/prebid.js?ver=0.6, line 9: TypeError: can't access property "getSlotElementId", f()(...) is undefined
JavaScript error: , line 0: TypeError: NetworkError when attempting to fetch resource.
JavaScript error: , line 0: TypeError: NetworkError when attempting to fetch resource.
JavaScript warning: https://cdn.js7k.com/rq/iv/inside.js, line 1: WEBGL_debug_renderer_info is deprecated in Firefox and will be removed. Please use RENDERER.
JavaScript warning: https://cdn.js7k.com/rq/iv/inside.js, line 1: WEBGL_debug_renderer_info is deprecated in Firefox and will be removed. Please use RENDERER.
JavaScript error: , line 0: TypeError: NetworkError when attempting to fetch resource.
JavaScript error: , line 0: TypeError: NetworkError when attempting to fetch resource.
JavaScript error: , line 0: TypeError: NetworkError when attempting to fetch resource.
JavaScript error: , line 0: TypeError: NetworkError when attempting to fetch resource.
JavaScript error: , line 0: TypeError: NetworkError when attempting to fetch resource.
console.warn: LoginRecipes: "Falling back to a synchronous message for: https://www.google.com."
console.warn: LoginRecipes: "Falling back to a synchronous message for: https://www.google.com."
console.warn: LoginRecipes: "Falling back to a synchronous message for: https://www.google.com."
JavaScript warning: https://pagead2.googlesyndication.com/bg/CgETvhyXIYksjpVuZOiCWYZFr3TNicAtz6hsjYVMHCQ.js line 2 > eval line 2421 > eval line 1 > eval line 1 > eval, line 1: WEBGL_debug_renderer_info is deprecated in Firefox and will be removed. Please use RENDERER.
JavaScript warning: https://pagead2.googlesyndication.com/bg/CgETvhyXIYksjpVuZOiCWYZFr3TNicAtz6hsjYVMHCQ.js line 2 > eval line 2670 > eval line 1 > eval line 1 > eval, line 1: WEBGL_debug_renderer_info is deprecated in Firefox and will be removed. Please use RENDERER.
JavaScript warning: https://pagead2.googlesyndication.com/bg/CgETvhyXIYksjpVuZOiCWYZFr3TNicAtz6hsjYVMHCQ.js line 2 > eval line 6053 > eval line 1 > eval line 1 > eval, line 1: WEBGL_debug_renderer_info is deprecated in Firefox and will be removed. Please use RENDERER.
JavaScript warning: https://pagead2.googlesyndication.com/bg/CgETvhyXIYksjpVuZOiCWYZFr3TNicAtz6hsjYVMHCQ.js line 2 > eval line 5683 > eval line 1 > eval line 1 > eval, line 1: WEBGL_debug_renderer_info is deprecated in Firefox and will be removed. Please use RENDERER.
JavaScript warning: https://pagead2.googlesyndication.com/bg/CgETvhyXIYksjpVuZOiCWYZFr3TNicAtz6hsjYVMHCQ.js line 2 > eval line 4492 > eval line 1 > eval line 1 > eval, line 1: WEBGL_debug_renderer_info is deprecated in Firefox and will be removed. Please use RENDERER.
JavaScript warning: https://pagead2.googlesyndication.com/bg/CgETvhyXIYksjpVuZOiCWYZFr3TNicAtz6hsjYVMHCQ.js line 2 > eval line 6258 > eval line 1 > eval line 1 > eval, line 1: WEBGL_debug_renderer_info is deprecated in Firefox and will be removed. Please use RENDERER.
JavaScript warning: https://pagead2.googlesyndication.com/bg/CgETvhyXIYksjpVuZOiCWYZFr3TNicAtz6hsjYVMHCQ.js line 2 > eval line 4442 > eval line 1 > eval line 1 > eval, line 1: WEBGL_debug_renderer_info is deprecated in Firefox and will be removed. Please use RENDERER.
JavaScript warning: https://pagead2.googlesyndication.com/bg/CgETvhyXIYksjpVuZOiCWYZFr3TNicAtz6hsjYVMHCQ.js line 2 > eval line 3314 > eval line 1 > eval line 1 > eval, line 1: WEBGL_debug_renderer_info is deprecated in Firefox and will be removed. Please use RENDERER.
JavaScript warning: https://pagead2.googlesyndication.com/bg/CgETvhyXIYksjpVuZOiCWYZFr3TNicAtz6hsjYVMHCQ.js line 2 > eval line 2781 > eval line 1 > eval line 1 > eval, line 1: WEBGL_debug_renderer_info is deprecated in Firefox and will be removed. Please use RENDERER.
JavaScript warning: https://pagead2.googlesyndication.com/bg/CgETvhyXIYksjpVuZOiCWYZFr3TNicAtz6hsjYVMHCQ.js line 2 > eval line 2514 > eval line 1 > eval line 1 > eval, line 1: WEBGL_debug_renderer_info is deprecated in Firefox and will be removed. Please use RENDERER.
JavaScript warning: https://pagead2.googlesyndication.com/bg/CgETvhyXIYksjpVuZOiCWYZFr3TNicAtz6hsjYVMHCQ.js line 2 > eval line 7683 > eval line 1 > eval line 1 > eval, line 1: WEBGL_debug_renderer_info is deprecated in Firefox and will be removed. Please use RENDERER.
JavaScript error: , line 0: TypeError: NetworkError when attempting to fetch resource.
JavaScript error: , line 0: TypeError: NetworkError when attempting to fetch resource.
JavaScript error: https://bbf0524e95f1706e467ba50923b98cdb.safeframe.googlesyndication.com/safeframe/1-0-38/html/container.html, line 11: SecurityError: Permission denied to access property Symbol.toPrimitive on cross-origin object
JavaScript warning: https://pagead2.googlesyndication.com/bg/CgETvhyXIYksjpVuZOiCWYZFr3TNicAtz6hsjYVMHCQ.js line 2 > eval line 6728 > eval line 1 > eval line 1 > eval, line 1: WEBGL_debug_renderer_info is deprecated in Firefox and will be removed. Please use RENDERER.
JavaScript warning: https://pagead2.googlesyndication.com/bg/CgETvhyXIYksjpVuZOiCWYZFr3TNicAtz6hsjYVMHCQ.js line 2 > eval line 703 > eval line 1 > eval line 1 > eval, line 1: WEBGL_debug_renderer_info is deprecated in Firefox and will be removed. Please use RENDERER.
JavaScript warning: https://pagead2.googlesyndication.com/bg/CgETvhyXIYksjpVuZOiCWYZFr3TNicAtz6hsjYVMHCQ.js line 2 > eval line 3211 > eval line 1 > eval line 1 > eval, line 1: WEBGL_debug_renderer_info is deprecated in Firefox and will be removed. Please use RENDERER.
JavaScript error: , line 0: TypeError: NetworkError when attempting to fetch resource.
JavaScript error: , line 0: TypeError: NetworkError when attempting to fetch resource.
JavaScript warning: https://s0.2mdn.net/ads/studio/cached_libs/createjs_2019.11.15_min.js, line 13: Script terminated by timeout at:
b.draw@https://s0.2mdn.net/ads/studio/cached_libs/createjs_2019.11.15_min.js:13:8313
c.draw@https://s0.2mdn.net/ads/studio/cached_libs/createjs_2019.11.15_min.js:14:28037
b.draw@https://s0.2mdn.net/ads/studio/cached_libs/createjs_2019.11.15_min.js:13:8379
c.draw@https://s0.2mdn.net/ads/studio/cached_libs/createjs_2019.11.15_min.js:14:28037
b.draw@https://s0.2mdn.net/ads/studio/cached_libs/createjs_2019.11.15_min.js:13:8379
b.update@https://s0.2mdn.net/ads/studio/cached_libs/createjs_2019.11.15_min.js:13:14512
b.handleEvent@https://s0.2mdn.net/ads/studio/cached_libs/createjs_2019.11.15_min.js:13:14830
b._dispatchEvent@https://s0.2mdn.net/ads/studio/cached_libs/createjs_2019.11.15_min.js:12:4075
b._dispatchEvent@https://s0.2mdn.net/ads/studio/cached_libs/createjs_2019.11.15_min.js:12:4158
b.dispatchEvent@https://s0.2mdn.net/ads/studio/cached_libs/createjs_2019.11.15_min.js:12:3479
a._tick@https://s0.2mdn.net/ads/studio/cached_libs/createjs_2019.11.15_min.js:12:7459
a._handleTimeout@https://s0.2mdn.net/ads/studio/cached_libs/createjs_2019.11.15_min.js:12:6772

JavaScript error: , line 0: TypeError: NetworkError when attempting to fetch resource.
JavaScript error: , line 0: TypeError: NetworkError when attempting to fetch resource.
JavaScript error: , line 0: TypeError: NetworkError when attempting to fetch resource.
JavaScript error: , line 0: TypeError: NetworkError when attempting to fetch resource.
JavaScript error: , line 0: TypeError: NetworkError when attempting to fetch resource.
JavaScript error: , line 0: TypeError: NetworkError when attempting to fetch resource.
JavaScript error: , line 0: TypeError: NetworkError when attempting to fetch resource.
JavaScript error: , line 0: TypeError: NetworkError when attempting to fetch resource.
JavaScript error: , line 0: TypeError: NetworkError when attempting to fetch resource.
JavaScript error: , line 0: TypeError: NetworkError when attempting to fetch resource.
JavaScript error: , line 0: TypeError: NetworkError when attempting to fetch resource.
console.warn: LoginRecipes: "Falling back to a synchronous message for: https://www.google.com."
console.warn: LoginRecipes: "Falling back to a synchronous message for: https://www.google.com."
console.warn: LoginRecipes: "Falling back to a synchronous message for: https://www.google.com."
JavaScript error: https://cdn-client.medium.com/lite/static/js/221.eb6d4e84.js, line 2: Error: Minified React error #418; visit https://reactjs.org/docs/error-decoder.html?invariant=418 for the full message or use the non-minified dev environment for full errors and additional helpful warnings.
JavaScript error: https://cdn-client.medium.com/lite/static/js/221.eb6d4e84.js, line 2: Error: Minified React error #418; visit https://reactjs.org/docs/error-decoder.html?invariant=418 for the full message or use the non-minified dev environment for full errors and additional helpful warnings.
JavaScript error: https://cdn-client.medium.com/lite/static/js/221.eb6d4e84.js, line 2: Error: Minified React error #418; visit https://reactjs.org/docs/error-decoder.html?invariant=418 for the full message or use the non-minified dev environment for full errors and additional helpful warnings.
JavaScript error: https://cdn-client.medium.com/lite/static/js/221.eb6d4e84.js, line 2: Error: Minified React error #418; visit https://reactjs.org/docs/error-decoder.html?invariant=418 for the full message or use the non-minified dev environment for full errors and additional helpful warnings.
JavaScript error: https://cdn-client.medium.com/lite/static/js/221.eb6d4e84.js, line 2: Error: Minified React error #418; visit https://reactjs.org/docs/error-decoder.html?invariant=418 for the full message or use the non-minified dev environment for full errors and additional helpful warnings.
JavaScript error: https://cdn-client.medium.com/lite/static/js/221.eb6d4e84.js, line 2: Error: Minified React error #418; visit https://reactjs.org/docs/error-decoder.html?invariant=418 for the full message or use the non-minified dev environment for full errors and additional helpful warnings.
JavaScript error: https://cdn-client.medium.com/lite/static/js/221.eb6d4e84.js, line 2: Error: Minified React error #418; visit https://reactjs.org/docs/error-decoder.html?invariant=418 for the full message or use the non-minified dev environment for full errors and additional helpful warnings.
JavaScript error: https://cdn-client.medium.com/lite/static/js/221.eb6d4e84.js, line 2: Error: Minified React error #423; visit https://reactjs.org/docs/error-decoder.html?invariant=423 for the full message or use the non-minified dev environment for full errors and additional helpful warnings.
JavaScript warning: https://pagead2.googlesyndication.com/bg/CgETvhyXIYksjpVuZOiCWYZFr3TNicAtz6hsjYVMHCQ.js line 2 > eval line 6033 > eval line 1 > eval line 1 > eval, line 1: WEBGL_debug_renderer_info is deprecated in Firefox and will be removed. Please use RENDERER.
JavaScript error: , line 0: TypeError: NetworkError when attempting to fetch resource.
console.warn: LoginRecipes: "Falling back to a synchronous message for: https://www.google.com."
console.warn: LoginRecipes: "Falling back to a synchronous message for: https://www.google.com."
JavaScript warning: https://www.programiz.com/sites/all/themes/programiz/lib/mautic/mautic-form.js, line 40: unreachable code after return statement
